# JRE version: OpenJDK Runtime Environment Temurin-21.0.6+7 (21.0.6+7) (build 21.0.6+7-LTS)
# Java VM: OpenJDK 64-Bit Server VM Temurin-21.0.6+7 (21.0.6+7-LTS, mixed mode, sharing, tiered, compressed oops, compressed class ptrs, parallel gc, windows-amd64)
GC Precious Log:
 CardTable entry size: 512
 CPUs: 12 total, 12 available
 Memory: 16322M
 Large Page Support: Disabled
 NUMA Support: Disabled
 Compressed Oops: Enabled (32-bit)
 Alignments: Space 512K, Generation 512K, Heap 2M
 Heap Min Capacity: 100M
 Heap Initial Capacity: 100M
 Heap Max Capacity: 1G
 Pre-touch: Disabled
 Parallel Workers: 10
Heap:
 PSYoungGen      total 23040K, used 12595K [0x00000000eab00000, 0x00000000ec500000, 0x0000000100000000)
  eden space 22016K, 52% used [0x00000000eab00000,0x00000000eb64cff8,0x00000000ec080000)
  from space 1024K, 100% used [0x00000000ec400000,0x00000000ec500000,0x00000000ec500000)
  to   space 2048K, 0% used [0x00000000ec100000,0x00000000ec100000,0x00000000ec300000)
 ParOldGen       total 68608K, used 19684K [0x00000000c0000000, 0x00000000c4300000, 0x00000000eab00000)
  object space 68608K, 28% used [0x00000000c0000000,0x00000000c1339010,0x00000000c4300000)
 Metaspace       used 42395K, committed 43520K, reserved 1114112K
  class space    used 4490K, committed 4992K, reserved 1048576K
GC Heap History (20 events):
Event: 3.017 GC heap before
{Heap before GC invocations=9 (full 1):
 PSYoungGen      total 29696K, used 24576K [0x00000000eab00000, 0x00000000ecd00000, 0x0000000100000000)
  eden space 24576K, 100% used [0x00000000eab00000,0x00000000ec300000,0x00000000ec300000)
  from space 5120K, 0% used [0x00000000ec300000,0x00000000ec300000,0x00000000ec800000)
  to   space 5120K, 0% used [0x00000000ec800000,0x00000000ec800000,0x00000000ecd00000)
 ParOldGen       total 68608K, used 12980K [0x00000000c0000000, 0x00000000c4300000, 0x00000000eab00000)
  object space 68608K, 18% used [0x00000000c0000000,0x00000000c0cad030,0x00000000c4300000)
 Metaspace       used 23469K, committed 24256K, reserved 1114112K
  class space    used 2261K, committed 2560K, reserved 1048576K
}
Event: 3.018 GC heap after
{Heap after GC invocations=9 (full 1):
 PSYoungGen      total 24576K, used 352K [0x00000000eab00000, 0x00000000ec880000, 0x0000000100000000)
  eden space 24064K, 0% used [0x00000000eab00000,0x00000000eab00000,0x00000000ec280000)
  from space 512K, 68% used [0x00000000ec800000,0x00000000ec858000,0x00000000ec880000)
  to   space 2048K, 0% used [0x00000000ec480000,0x00000000ec480000,0x00000000ec680000)
 ParOldGen       total 68608K, used 12980K [0x00000000c0000000, 0x00000000c4300000, 0x00000000eab00000)
  object space 68608K, 18% used [0x00000000c0000000,0x00000000c0cad030,0x00000000c4300000)
 Metaspace       used 23469K, committed 24256K, reserved 1114112K
  class space    used 2261K, committed 2560K, reserved 1048576K
}
Event: 3.176 GC heap before
{Heap before GC invocations=10 (full 1):
 PSYoungGen      total 24576K, used 24416K [0x00000000eab00000, 0x00000000ec880000, 0x0000000100000000)
  eden space 24064K, 100% used [0x00000000eab00000,0x00000000ec280000,0x00000000ec280000)
  from space 512K, 68% used [0x00000000ec800000,0x00000000ec858000,0x00000000ec880000)
  to   space 2048K, 0% used [0x00000000ec480000,0x00000000ec480000,0x00000000ec680000)
 ParOldGen       total 68608K, used 12980K [0x00000000c0000000, 0x00000000c4300000, 0x00000000eab00000)
  object space 68608K, 18% used [0x00000000c0000000,0x00000000c0cad030,0x00000000c4300000)
 Metaspace       used 26189K, committed 27008K, reserved 1114112K
  class space    used 2480K, committed 2752K, reserved 1048576K
}
Event: 3.177 GC heap after
{Heap after GC invocations=10 (full 1):
 PSYoungGen      total 25600K, used 1403K [0x00000000eab00000, 0x00000000ec880000, 0x0000000100000000)
  eden space 23552K, 0% used [0x00000000eab00000,0x00000000eab00000,0x00000000ec200000)
  from space 2048K, 68% used [0x00000000ec480000,0x00000000ec5deda0,0x00000000ec680000)
  to   space 2048K, 0% used [0x00000000ec680000,0x00000000ec680000,0x00000000ec880000)
 ParOldGen       total 68608K, used 13761K [0x00000000c0000000, 0x00000000c4300000, 0x00000000eab00000)
  object space 68608K, 20% used [0x00000000c0000000,0x00000000c0d70540,0x00000000c4300000)
 Metaspace       used 26189K, committed 27008K, reserved 1114112K
  class space    used 2480K, committed 2752K, reserved 1048576K
}
Event: 3.443 GC heap before
{Heap before GC invocations=11 (full 1):
 PSYoungGen      total 25600K, used 24955K [0x00000000eab00000, 0x00000000ec880000, 0x0000000100000000)
  eden space 23552K, 100% used [0x00000000eab00000,0x00000000ec200000,0x00000000ec200000)
  from space 2048K, 68% used [0x00000000ec480000,0x00000000ec5deda0,0x00000000ec680000)
  to   space 2048K, 0% used [0x00000000ec680000,0x00000000ec680000,0x00000000ec880000)
 ParOldGen       total 68608K, used 13761K [0x00000000c0000000, 0x00000000c4300000, 0x00000000eab00000)
  object space 68608K, 20% used [0x00000000c0000000,0x00000000c0d70540,0x00000000c4300000)
 Metaspace       used 28725K, committed 29568K, reserved 1114112K
  class space    used 2722K, committed 3008K, reserved 1048576K
}
Event: 3.445 GC heap after
{Heap after GC invocations=11 (full 1):
 PSYoungGen      total 25088K, used 2038K [0x00000000eab00000, 0x00000000ec880000, 0x0000000100000000)
  eden space 23040K, 0% used [0x00000000eab00000,0x00000000eab00000,0x00000000ec180000)
  from space 2048K, 99% used [0x00000000ec680000,0x00000000ec87d8c8,0x00000000ec880000)
  to   space 3072K, 0% used [0x00000000ec280000,0x00000000ec280000,0x00000000ec580000)
 ParOldGen       total 68608K, used 14097K [0x00000000c0000000, 0x00000000c4300000, 0x00000000eab00000)
  object space 68608K, 20% used [0x00000000c0000000,0x00000000c0dc4560,0x00000000c4300000)
 Metaspace       used 28725K, committed 29568K, reserved 1114112K
  class space    used 2722K, committed 3008K, reserved 1048576K
}
Event: 3.585 GC heap before
{Heap before GC invocations=12 (full 1):
 PSYoungGen      total 25088K, used 25076K [0x00000000eab00000, 0x00000000ec880000, 0x0000000100000000)
  eden space 23040K, 99% used [0x00000000eab00000,0x00000000ec17f9c8,0x00000000ec180000)
  from space 2048K, 99% used [0x00000000ec680000,0x00000000ec87d8c8,0x00000000ec880000)
  to   space 3072K, 0% used [0x00000000ec280000,0x00000000ec280000,0x00000000ec580000)
 ParOldGen       total 68608K, used 14097K [0x00000000c0000000, 0x00000000c4300000, 0x00000000eab00000)
  object space 68608K, 20% used [0x00000000c0000000,0x00000000c0dc4560,0x00000000c4300000)
 Metaspace       used 31844K, committed 32896K, reserved 1114112K
  class space    used 3091K, committed 3520K, reserved 1048576K
}
Event: 3.588 GC heap after
{Heap after GC invocations=12 (full 1):
 PSYoungGen      total 24064K, used 1526K [0x00000000eab00000, 0x00000000ec700000, 0x0000000100000000)
  eden space 22528K, 0% used [0x00000000eab00000,0x00000000eab00000,0x00000000ec100000)
  from space 1536K, 99% used [0x00000000ec280000,0x00000000ec3fdbe0,0x00000000ec400000)
  to   space 2048K, 0% used [0x00000000ec500000,0x00000000ec500000,0x00000000ec700000)
 ParOldGen       total 68608K, used 16099K [0x00000000c0000000, 0x00000000c4300000, 0x00000000eab00000)
  object space 68608K, 23% used [0x00000000c0000000,0x00000000c0fb8ce0,0x00000000c4300000)
 Metaspace       used 31844K, committed 32896K, reserved 1114112K
  class space    used 3091K, committed 3520K, reserved 1048576K
}
Event: 3.711 GC heap before
{Heap before GC invocations=13 (full 1):
 PSYoungGen      total 24064K, used 24054K [0x00000000eab00000, 0x00000000ec700000, 0x0000000100000000)
  eden space 22528K, 100% used [0x00000000eab00000,0x00000000ec100000,0x00000000ec100000)
  from space 1536K, 99% used [0x00000000ec280000,0x00000000ec3fdbe0,0x00000000ec400000)
  to   space 2048K, 0% used [0x00000000ec500000,0x00000000ec500000,0x00000000ec700000)
 ParOldGen       total 68608K, used 16099K [0x00000000c0000000, 0x00000000c4300000, 0x00000000eab00000)
  object space 68608K, 23% used [0x00000000c0000000,0x00000000c0fb8ce0,0x00000000c4300000)
 Metaspace       used 34624K, committed 35584K, reserved 1114112K
  class space    used 3476K, committed 3840K, reserved 1048576K
}
Event: 3.713 GC heap after
{Heap after GC invocations=13 (full 1):
 PSYoungGen      total 24064K, used 1792K [0x00000000eab00000, 0x00000000ec700000, 0x0000000100000000)
  eden space 22016K, 0% used [0x00000000eab00000,0x00000000eab00000,0x00000000ec080000)
  from space 2048K, 87% used [0x00000000ec500000,0x00000000ec6c0000,0x00000000ec700000)
  to   space 2048K, 0% used [0x00000000ec300000,0x00000000ec300000,0x00000000ec500000)
 ParOldGen       total 68608K, used 17255K [0x00000000c0000000, 0x00000000c4300000, 0x00000000eab00000)
  object space 68608K, 25% used [0x00000000c0000000,0x00000000c10d9dd8,0x00000000c4300000)
 Metaspace       used 34624K, committed 35584K, reserved 1114112K
  class space    used 3476K, committed 3840K, reserved 1048576K
}
Event: 3.722 GC heap before
{Heap before GC invocations=14 (full 1):
 PSYoungGen      total 24064K, used 3451K [0x00000000eab00000, 0x00000000ec700000, 0x0000000100000000)
  eden space 22016K, 7% used [0x00000000eab00000,0x00000000eac9ed40,0x00000000ec080000)
  from space 2048K, 87% used [0x00000000ec500000,0x00000000ec6c0000,0x00000000ec700000)
  to   space 2048K, 0% used [0x00000000ec300000,0x00000000ec300000,0x00000000ec500000)
 ParOldGen       total 68608K, used 17255K [0x00000000c0000000, 0x00000000c4300000, 0x00000000eab00000)
  object space 68608K, 25% used [0x00000000c0000000,0x00000000c10d9dd8,0x00000000c4300000)
 Metaspace       used 34819K, committed 35840K, reserved 1114112K
  class space    used 3498K, committed 3904K, reserved 1048576K
}
Event: 3.723 GC heap after
{Heap after GC invocations=14 (full 1):
 PSYoungGen      total 22528K, used 311K [0x00000000eab00000, 0x00000000ec580000, 0x0000000100000000)
  eden space 22016K, 0% used [0x00000000eab00000,0x00000000eab00000,0x00000000ec080000)
  from space 512K, 60% used [0x00000000ec300000,0x00000000ec34dde0,0x00000000ec380000)
  to   space 1024K, 0% used [0x00000000ec480000,0x00000000ec480000,0x00000000ec580000)
 ParOldGen       total 68608K, used 18791K [0x00000000c0000000, 0x00000000c4300000, 0x00000000eab00000)
  object space 68608K, 27% used [0x00000000c0000000,0x00000000c1259de8,0x00000000c4300000)
 Metaspace       used 34819K, committed 35840K, reserved 1114112K
  class space    used 3498K, committed 3904K, reserved 1048576K
}
Event: 3.723 GC heap before
{Heap before GC invocations=15 (full 2):
 PSYoungGen      total 22528K, used 311K [0x00000000eab00000, 0x00000000ec580000, 0x0000000100000000)
  eden space 22016K, 0% used [0x00000000eab00000,0x00000000eab00000,0x00000000ec080000)
  from space 512K, 60% used [0x00000000ec300000,0x00000000ec34dde0,0x00000000ec380000)
  to   space 1024K, 0% used [0x00000000ec480000,0x00000000ec480000,0x00000000ec580000)
 ParOldGen       total 68608K, used 18791K [0x00000000c0000000, 0x00000000c4300000, 0x00000000eab00000)
  object space 68608K, 27% used [0x00000000c0000000,0x00000000c1259de8,0x00000000c4300000)
 Metaspace       used 34819K, committed 35840K, reserved 1114112K
  class space    used 3498K, committed 3904K, reserved 1048576K
}
Event: 3.745 GC heap after
{Heap after GC invocations=15 (full 2):
 PSYoungGen      total 22528K, used 0K [0x00000000eab00000, 0x00000000ec580000, 0x0000000100000000)
  eden space 22016K, 0% used [0x00000000eab00000,0x00000000eab00000,0x00000000ec080000)
  from space 512K, 0% used [0x00000000ec300000,0x00000000ec300000,0x00000000ec380000)
  to   space 1024K, 0% used [0x00000000ec480000,0x00000000ec480000,0x00000000ec580000)
 ParOldGen       total 68608K, used 18196K [0x00000000c0000000, 0x00000000c4300000, 0x00000000eab00000)
  object space 68608K, 26% used [0x00000000c0000000,0x00000000c11c5000,0x00000000c4300000)
 Metaspace       used 34819K, committed 35840K, reserved 1114112K
  class space    used 3498K, committed 3904K, reserved 1048576K
}
Event: 3.889 GC heap before
{Heap before GC invocations=16 (full 2):
 PSYoungGen      total 22528K, used 22016K [0x00000000eab00000, 0x00000000ec580000, 0x0000000100000000)
  eden space 22016K, 100% used [0x00000000eab00000,0x00000000ec080000,0x00000000ec080000)
  from space 512K, 0% used [0x00000000ec300000,0x00000000ec300000,0x00000000ec380000)
  to   space 1024K, 0% used [0x00000000ec480000,0x00000000ec480000,0x00000000ec580000)
 ParOldGen       total 68608K, used 18196K [0x00000000c0000000, 0x00000000c4300000, 0x00000000eab00000)
  object space 68608K, 26% used [0x00000000c0000000,0x00000000c11c5000,0x00000000c4300000)
 Metaspace       used 36492K, committed 37632K, reserved 1114112K
  class space    used 3727K, committed 4224K, reserved 1048576K
}
Event: 3.890 GC heap after
{Heap after GC invocations=16 (full 2):
 PSYoungGen      total 23040K, used 1024K [0x00000000eab00000, 0x00000000ec580000, 0x0000000100000000)
  eden space 22016K, 0% used [0x00000000eab00000,0x00000000eab00000,0x00000000ec080000)
  from space 1024K, 100% used [0x00000000ec480000,0x00000000ec580000,0x00000000ec580000)
  to   space 1536K, 0% used [0x00000000ec280000,0x00000000ec280000,0x00000000ec400000)
 ParOldGen       total 68608K, used 18228K [0x00000000c0000000, 0x00000000c4300000, 0x00000000eab00000)
  object space 68608K, 26% used [0x00000000c0000000,0x00000000c11cd000,0x00000000c4300000)
 Metaspace       used 36492K, committed 37632K, reserved 1114112K
  class space    used 3727K, committed 4224K, reserved 1048576K
}
Event: 4.064 GC heap before
{Heap before GC invocations=17 (full 2):
 PSYoungGen      total 23040K, used 23040K [0x00000000eab00000, 0x00000000ec580000, 0x0000000100000000)
  eden space 22016K, 100% used [0x00000000eab00000,0x00000000ec080000,0x00000000ec080000)
  from space 1024K, 100% used [0x00000000ec480000,0x00000000ec580000,0x00000000ec580000)
  to   space 1536K, 0% used [0x00000000ec280000,0x00000000ec280000,0x00000000ec400000)
 ParOldGen       total 68608K, used 18228K [0x00000000c0000000, 0x00000000c4300000, 0x00000000eab00000)
  object space 68608K, 26% used [0x00000000c0000000,0x00000000c11cd000,0x00000000c4300000)
 Metaspace       used 38491K, committed 39680K, reserved 1114112K
  class space    used 3972K, committed 4480K, reserved 1048576K
}
Event: 4.065 GC heap after
{Heap after GC invocations=17 (full 2):
 PSYoungGen      total 23552K, used 704K [0x00000000eab00000, 0x00000000ec500000, 0x0000000100000000)
  eden space 22016K, 0% used [0x00000000eab00000,0x00000000eab00000,0x00000000ec080000)
  from space 1536K, 45% used [0x00000000ec280000,0x00000000ec330000,0x00000000ec400000)
  to   space 1024K, 0% used [0x00000000ec400000,0x00000000ec400000,0x00000000ec500000)
 ParOldGen       total 68608K, used 19092K [0x00000000c0000000, 0x00000000c4300000, 0x00000000eab00000)
  object space 68608K, 27% used [0x00000000c0000000,0x00000000c12a5010,0x00000000c4300000)
 Metaspace       used 38491K, committed 39680K, reserved 1114112K
  class space    used 3972K, committed 4480K, reserved 1048576K
}
Event: 4.401 GC heap before
{Heap before GC invocations=18 (full 2):
 PSYoungGen      total 23552K, used 22720K [0x00000000eab00000, 0x00000000ec500000, 0x0000000100000000)
  eden space 22016K, 100% used [0x00000000eab00000,0x00000000ec080000,0x00000000ec080000)
  from space 1536K, 45% used [0x00000000ec280000,0x00000000ec330000,0x00000000ec400000)
  to   space 1024K, 0% used [0x00000000ec400000,0x00000000ec400000,0x00000000ec500000)
 ParOldGen       total 68608K, used 19092K [0x00000000c0000000, 0x00000000c4300000, 0x00000000eab00000)
  object space 68608K, 27% used [0x00000000c0000000,0x00000000c12a5010,0x00000000c4300000)
 Metaspace       used 41056K, committed 42240K, reserved 1114112K
  class space    used 4297K, committed 4800K, reserved 1048576K
}
Event: 4.402 GC heap after
{Heap after GC invocations=18 (full 2):
 PSYoungGen      total 23040K, used 1024K [0x00000000eab00000, 0x00000000ec500000, 0x0000000100000000)
  eden space 22016K, 0% used [0x00000000eab00000,0x00000000eab00000,0x00000000ec080000)
  from space 1024K, 100% used [0x00000000ec400000,0x00000000ec500000,0x00000000ec500000)
  to   space 2048K, 0% used [0x00000000ec100000,0x00000000ec100000,0x00000000ec300000)
 ParOldGen       total 68608K, used 19684K [0x00000000c0000000, 0x00000000c4300000, 0x00000000eab00000)
  object space 68608K, 28% used [0x00000000c0000000,0x00000000c1339010,0x00000000c4300000)
 Metaspace       used 41056K, committed 42240K, reserved 1114112K
  class space    used 4297K, committed 4800K, reserved 1048576K
}

